TN:
SF:C:\Users\Cair0n\Documents\_personnal_projects\i18n-generator\i18ngenerator\__init__.py
LF:0
LH:0
end_of_record
TN:
SF:C:\Users\Cair0n\Documents\_personnal_projects\i18n-generator\i18ngenerator\__main__.py
DA:1,1
DA:2,1
DA:3,1
DA:4,1
DA:5,1
DA:6,1
DA:7,1
DA:10,1
DA:16,1
DA:21,1
DA:28,1
DA:35,1
DA:42,1
DA:49,1
DA:52,1
DA:63,1
DA:64,1
DA:66,1
DA:67,1
DA:68,1
DA:69,1
DA:71,0
DA:73,1
DA:74,1
DA:78,1
DA:79,0
LF:26
LH:24
end_of_record
TN:
SF:C:\Users\Cair0n\Documents\_personnal_projects\i18n-generator\i18ngenerator\i18ngenerator.py
DA:1,1
DA:2,1
DA:3,1
DA:4,1
DA:5,1
DA:6,1
DA:9,1
DA:12,1
DA:13,1
DA:15,1
DA:26,1
DA:28,1
DA:29,1
DA:31,1
DA:32,1
DA:33,1
DA:34,1
DA:36,1
DA:38,1
DA:39,1
DA:40,1
DA:41,1
DA:43,1
DA:54,1
DA:55,1
DA:56,1
DA:58,1
DA:69,1
DA:71,1
DA:72,1
DA:73,1
DA:74,1
DA:75,1
DA:77,1
DA:78,1
DA:79,1
DA:82,0
LF:37
LH:36
end_of_record
TN:
SF:C:\Users\Cair0n\Documents\_personnal_projects\i18n-generator\i18ngenerator\languages.py
DA:1,1
DA:3,1
DA:6,1
DA:9,1
DA:10,1
DA:11,1
DA:12,1
DA:13,1
DA:14,1
DA:15,1
DA:16,1
DA:17,1
DA:18,1
DA:19,1
DA:20,1
DA:21,1
DA:22,1
DA:23,1
DA:24,1
DA:25,1
DA:26,1
DA:27,1
DA:28,1
DA:29,1
DA:30,1
DA:31,1
DA:32,1
DA:33,1
DA:34,1
DA:35,1
DA:36,1
DA:37,1
DA:38,1
DA:39,1
DA:40,1
DA:41,1
DA:42,1
DA:43,1
DA:44,1
DA:45,1
DA:46,1
DA:47,1
DA:48,1
DA:49,1
DA:50,1
DA:51,1
DA:52,1
DA:53,1
DA:54,1
DA:55,1
DA:56,1
DA:57,1
DA:58,1
DA:59,1
DA:60,1
DA:61,1
DA:62,1
DA:63,1
DA:64,1
DA:65,1
DA:66,1
DA:67,1
DA:68,1
DA:69,1
DA:70,1
DA:71,1
DA:73,1
DA:74,1
DA:75,1
DA:76,1
DA:77,1
DA:79,1
DA:80,1
LF:73
LH:73
end_of_record
TN:
SF:C:\Users\Cair0n\Documents\_personnal_projects\i18n-generator\i18ngenerator\transformer.py
DA:1,1
DA:3,1
DA:6,1
DA:8,1
DA:11,1
DA:13,1
DA:22,1
DA:34,1
DA:35,1
DA:36,1
DA:37,1
DA:38,1
LF:12
LH:12
end_of_record
TN:
SF:C:\Users\Cair0n\Documents\_personnal_projects\i18n-generator\i18ngenerator\translator.py
DA:1,1
DA:2,1
DA:5,1
DA:7,1
DA:21,1
DA:22,0
DA:23,1
DA:24,0
DA:25,1
LF:9
LH:7
end_of_record
TN:
SF:C:\Users\Cair0n\Documents\_personnal_projects\i18n-generator\i18ngenerator\utils\__init__.py
LF:0
LH:0
end_of_record
TN:
SF:C:\Users\Cair0n\Documents\_personnal_projects\i18n-generator\i18ngenerator\utils\config_parser.py
DA:1,1
DA:2,1
DA:3,1
DA:4,1
DA:6,1
DA:7,1
DA:10,1
DA:12,1
DA:13,1
DA:14,1
DA:16,1
DA:17,1
DA:18,1
DA:19,1
DA:20,1
DA:21,1
DA:22,1
DA:23,1
DA:24,1
DA:25,1
DA:26,1
DA:27,1
DA:28,1
DA:31,1
DA:32,1
DA:34,1
DA:35,1
DA:36,1
DA:39,1
DA:42,1
DA:44,1
DA:58,1
DA:59,0
DA:62,1
DA:63,1
DA:64,0
DA:67,1
DA:68,1
DA:71,1
DA:72,1
DA:73,1
DA:76,1
DA:77,1
DA:78,1
DA:81,1
DA:87,1
DA:101,1
DA:102,0
DA:105,1
DA:108,1
DA:109,1
DA:111,1
DA:117,1
DA:128,1
DA:129,0
LF:55
LH:51
end_of_record
TN:
SF:C:\Users\Cair0n\Documents\_personnal_projects\i18n-generator\i18ngenerator\utils\exceptions.py
DA:1,1
DA:4,1
DA:6,1
DA:10,1
DA:13,1
DA:14,1
DA:18,1
DA:21,1
DA:22,0
DA:25,1
DA:28,1
DA:29,0
DA:32,1
DA:35,1
DA:36,0
DA:39,1
DA:42,1
DA:43,0
LF:18
LH:14
end_of_record
TN:
SF:C:\Users\Cair0n\Documents\_personnal_projects\i18n-generator\tests\test_languages.py
DA:1,1
DA:3,1
DA:4,1
DA:6,1
DA:8,1
DA:10,1
DA:13,1
DA:16,1
DA:17,1
DA:19,1
DA:21,1
DA:27,1
DA:28,1
DA:29,1
DA:31,1
DA:33,1
DA:36,1
DA:39,1
DA:40,1
LF:19
LH:19
end_of_record
TN:
SF:C:\Users\Cair0n\Documents\_personnal_projects\i18n-generator\tests\test_transformer.py
DA:1,1
DA:2,1
DA:4,1
DA:6,1
DA:8,1
DA:10,1
DA:12,1
DA:13,1
DA:14,1
DA:15,1
DA:16,1
DA:17,1
DA:20,1
DA:21,1
DA:22,1
DA:23,1
DA:24,1
DA:25,1
DA:28,1
DA:29,1
DA:30,1
DA:31,1
DA:32,1
DA:33,1
LF:24
LH:24
end_of_record
TN:
SF:C:\Users\Cair0n\Documents\_personnal_projects\i18n-generator\tests\test_translator.py
DA:1,1
DA:2,1
DA:4,1
DA:6,1
DA:8,1
DA:10,1
DA:13,1
DA:14,1
DA:15,1
DA:16,1
DA:17,1
DA:20,1
DA:21,1
DA:22,1
DA:23,1
DA:24,1
DA:26,1
DA:28,1
DA:31,1
DA:32,1
DA:33,1
DA:34,1
DA:35,1
DA:38,1
DA:39,1
DA:40,1
DA:41,1
DA:42,1
DA:44,1
DA:46,1
DA:49,1
DA:50,1
DA:51,1
DA:52,1
DA:53,1
DA:56,1
DA:57,1
DA:58,1
DA:59,1
DA:60,1
DA:62,1
DA:64,1
DA:67,1
DA:68,1
DA:69,1
DA:70,1
DA:71,1
DA:74,1
DA:75,1
DA:76,1
DA:77,1
DA:78,1
DA:80,1
DA:82,1
DA:85,1
DA:86,1
DA:87,1
DA:88,1
DA:89,1
DA:92,1
DA:93,1
DA:94,1
DA:95,1
DA:96,1
DA:98,1
DA:100,1
DA:103,1
DA:104,1
DA:105,1
DA:106,1
DA:107,1
DA:110,1
DA:111,1
DA:112,1
DA:113,1
DA:114,1
LF:76
LH:76
end_of_record
TN:
SF:C:\Users\Cair0n\Documents\_personnal_projects\i18n-generator\tests\utils\test_exceptions.py
DA:1,1
DA:3,1
DA:4,1
LF:3
LH:3
end_of_record
TN:
SF:C:\Users\Cair0n\Documents\_personnal_projects\i18n-generator\tests_e2e\test_e2e.py
DA:1,1
DA:2,1
DA:3,1
DA:4,1
DA:6,1
DA:8,1
DA:9,1
DA:10,1
DA:12,1
DA:13,1
DA:14,1
DA:15,1
DA:16,1
DA:17,1
DA:19,1
DA:20,1
DA:21,1
DA:23,1
DA:25,1
DA:26,1
DA:27,1
DA:28,1
DA:29,1
DA:30,1
DA:31,1
DA:32,1
DA:34,1
DA:35,1
DA:36,1
DA:37,1
DA:38,1
DA:39,1
DA:40,1
DA:41,1
DA:43,1
DA:44,1
DA:45,1
DA:46,1
DA:47,1
DA:48,1
DA:49,1
DA:50,1
LF:42
LH:42
end_of_record
